<?xml version="1.0" encoding="UTF-8"?>
<testsuite xmlns:xsi="http://www.w3.org/2001/XMLSchema-instance" xsi:noNamespaceSchemaLocation="https://maven.apache.org/surefire/maven-surefire-plugin/xsd/surefire-test-report-3.0.xsd" version="3.0" name="runner.testRunner" time="7.262" tests="27" errors="0" skipped="0" failures="0">
  <properties>
[...]
</properties>
  <testcase name="Given I created the GET request with ValidBinID" classname="Scenario: BinApi GET request with valid BinID" time="0.004"/>
  <testcase name="When I sent the Binrequest" classname="Scenario: BinApi GET request with valid BinID" time="0"/>
  <testcase name="Then I validate the response status is &apos;200&apos;" classname="Scenario: BinApi GET request with valid BinID" time="0">
    <system-out><![CDATA[2021-10-09 17:10:868 INFO  RequestStepDefs :76 -  response code 200
]]></system-out>
  </testcase>
  <testcase name="And I validate the Response ID with BinID" classname="Scenario: BinApi GET request with valid BinID" time="0">
    <system-out><![CDATA[2021-10-09 17:10:463 INFO  responseUtility :38 - Success code isnull
2021-10-09 17:10:480 INFO  responseUtility :41 - 616055b29548541c29c04911
2021-10-09 17:10:482 INFO  RequestStepDefs :82 - BINID for response: 616055b29548541c29c04911
2021-10-09 17:10:482 INFO  RequestStepDefs :84 - Correct response found for BinID 
2021-10-09 17:10:482 INFO  RequestStepDefs :85 - Status Line codeHTTP/1.1 200 OK
]]></system-out>
  </testcase>
  <testcase name="And I validate the Status line code" classname="Scenario: BinApi GET request with valid BinID" time="0">
    <system-out><![CDATA[2021-10-09 17:10:487 INFO  RequestStepDefs :99 - Status line code: HTTP/1.1 200 OK
]]></system-out>
  </testcase>
  <testcase name="" classname="Scenario: BinApi GET request with valid BinID" time="0.002"/>
  <testcase name="Given I created the GET request with ValidBinID" classname="Scenario: BinApi GET request with latest version of BinID" time="0.001"/>
  <testcase name="When I sent the request with latest route" classname="Scenario: BinApi GET request with latest version of BinID" time="0"/>
  <testcase name="Then I validate the response status is &apos;200&apos;" classname="Scenario: BinApi GET request with latest version of BinID" time="0">
    <system-out><![CDATA[2021-10-09 17:10:130 INFO  RequestStepDefs :76 -  response code 200
]]></system-out>
  </testcase>
  <testcase name="And I validate the Response ID with BinID" classname="Scenario: BinApi GET request with latest version of BinID" time="0">
    <system-out><![CDATA[2021-10-09 17:10:182 INFO  responseUtility :38 - Success code isnull
2021-10-09 17:10:214 INFO  responseUtility :41 - 616055b29548541c29c04911
2021-10-09 17:10:215 INFO  RequestStepDefs :82 - BINID for response: 616055b29548541c29c04911
2021-10-09 17:10:216 INFO  RequestStepDefs :84 - Correct response found for BinID 
2021-10-09 17:10:216 INFO  RequestStepDefs :85 - Status Line codeHTTP/1.1 200 OK
]]></system-out>
  </testcase>
  <testcase name="And I verify the creation date in response" classname="Scenario: BinApi GET request with latest version of BinID" time="0">
    <system-out><![CDATA[2021-10-09 17:10:247 INFO  RequestStepDefs :91 - BINID creation date for response: 2021-10-08T14:29:06.306Z
]]></system-out>
  </testcase>
  <testcase name="" classname="Scenario: BinApi GET request with latest version of BinID" time="0"/>
  <testcase name="Given I created the GET request with Invalid token" classname="Scenario: BinApi GET request with Invalid token for BinID request" time="0"/>
  <testcase name="When I sent the Binrequest" classname="Scenario: BinApi GET request with Invalid token for BinID request" time="0"/>
  <testcase name="Then I validate the response status is &apos;401&apos;" classname="Scenario: BinApi GET request with Invalid token for BinID request" time="0">
    <system-out><![CDATA[2021-10-09 17:10:950 INFO  RequestStepDefs :76 -  response code 401
]]></system-out>
  </testcase>
  <testcase name="And I validate the Error message" classname="Scenario: BinApi GET request with Invalid token for BinID request" time="0">
    <system-out><![CDATA[2021-10-09 17:10:955 INFO  RequestStepDefs :105 - {"message":"X-Master-Key is invalid or the bin doesn't belong to your account"}
]]></system-out>
  </testcase>
  <testcase name="" classname="Scenario: BinApi GET request with Invalid token for BinID request" time="0"/>
  <testcase name="Given I created the GET request with X-Bin-Meta Header as &quot;true&quot;" classname="| &quot;true&quot; |" time="0"/>
  <testcase name="When I sent the request with latest route" classname="| &quot;true&quot; |" time="0.001"/>
  <testcase name="Then I validate the response status is &apos;200&apos;" classname="| &quot;true&quot; |" time="0">
    <system-out><![CDATA[2021-10-09 17:10:456 INFO  RequestStepDefs :76 -  response code 200
]]></system-out>
  </testcase>
  <testcase name="And I verified the response body for metadata header &quot;true&quot;" classname="| &quot;true&quot; |" time="0">
    <system-out><![CDATA[2021-10-09 17:10:460 INFO  RequestStepDefs :127 - Response body :{"record":{"sample":"<Hello World>"},"metadata":{"id":"616055b29548541c29c04911","private":true,"createdAt":"2021-10-08T14:29:06.306Z"}}
2021-10-09 17:10:462 INFO  RequestStepDefs :131 - Response body include metadata
]]></system-out>
  </testcase>
  <testcase name="" classname="| &quot;true&quot; |" time="0"/>
  <testcase name="Given I created the GET request with X-Bin-Meta Header as &quot;false&quot;" classname="| &quot;false&quot; |" time="0"/>
  <testcase name="When I sent the request with latest route" classname="| &quot;false&quot; |" time="0.001"/>
  <testcase name="Then I validate the response status is &apos;200&apos;" classname="| &quot;false&quot; |" time="0">
    <system-out><![CDATA[2021-10-09 17:10:74 INFO  RequestStepDefs :76 -  response code 200
]]></system-out>
  </testcase>
  <testcase name="And I verified the response body for metadata header &quot;false&quot;" classname="| &quot;false&quot; |" time="0">
    <system-out><![CDATA[2021-10-09 17:10:78 INFO  RequestStepDefs :127 - Response body :{"sample":"<Hello World>"}
2021-10-09 17:10:79 INFO  RequestStepDefs :146 - Response body doesnt include metadata
]]></system-out>
  </testcase>
  <testcase name="" classname="| &quot;false&quot; |" time="0"/>
</testsuite>